<?xml version="1.0" encoding="utf-8"?><testsuites name="pytest tests"><testsuite name="pytest" errors="0" failures="2" skipped="0" tests="22" time="29.486" timestamp="2026-09-10T11:47:58.982732+00:00" hostname="agent-env-011ea6b6-6e2b-4876-8750-964cefb4165e"><testcase classname="tests.test_api" name="test_root" time="0.287" /><testcase classname="tests.test_api" name="test_config" time="0.607" /><testcase classname="tests.test_api" name="test_terminology[simple]" time="0.068" /><testcase classname="tests.test_api" name="test_terminology[traditional]" time="0.064" /><testcase classname="tests.test_api" name="test_terminology[both]" time="0.067" /><testcase classname="tests.test_api" name="test_login_existing" time="1.406" /><testcase classname="tests.test_api" name="test_auth_me" time="2.311" /><testcase classname="tests.test_api" name="test_auth_me_no_token" time="0.064" /><testcase classname="tests.test_api" name="test_geo_search" time="0.184" /><testcase classname="tests.test_api" name="test_chart" time="1.312" /><testcase classname="tests.test_api" name="test_today" time="4.405" /><testcase classname="tests.test_api" name="test_dasha" time="0.781" /><testcase classname="tests.test_api" name="test_transits" time="0.618" /><testcase classname="tests.test_api" name="test_numerology" time="0.603" /><testcase classname="tests.test_api" name="test_panchang" time="0.614" /><testcase classname="tests.test_api" name="test_tarot_draw" time="1.144" /><testcase classname="tests.test_api" name="test_compatibility" time="2.234" /><testcase classname="tests.test_api" name="test_vastu_analyze" time="0.062"><failure message="assert 500 == 200&#10; +  where 500 = &lt;Response [500]&gt;.status_code">backend/tests/test_api.py:174: in test_vastu_analyze
    assert r.status_code == 200
E   assert 500 == 200
E    +  where 500 = &lt;Response [500]&gt;.status_code</failure></testcase><testcase classname="tests.test_api" name="test_conversation_and_message" time="8.785" /><testcase classname="tests.test_api" name="test_conversation_list" time="0.619" /><testcase classname="tests.test_api" name="test_entitlement_read" time="0.615" /><testcase classname="tests.test_api" name="test_signup_rejects_bad_email" time="2.267"><failure message="assert 200 &gt;= 400&#10; +  where 200 = &lt;Response [200]&gt;.status_code">backend/tests/test_api.py:216: in test_signup_rejects_bad_email
    assert r.status_code &gt;= 400
E   assert 200 &gt;= 400
E    +  where 200 = &lt;Response [200]&gt;.status_code</failure></testcase></testsuite></testsuites>